<?xml version="1.0" encoding="UTF-8"?>
<!-- Generated by org.testng.reporters.JUnitReportReporter -->
<testsuite hostname="DESKTOP-3UFKCOS" failures="0" tests="4" name="inventario.Inventario" time="16.004" errors="0" timestamp="2021-02-19T21:50:51 CST" skipped="0">
  <testcase classname="inventario.Inventario" name="update" time="6.899"/>
  <system-out/>
  <testcase classname="inventario.Inventario" name="openNewTab" time="2.058"/>
  <system-out/>
  <testcase classname="inventario.Inventario" name="searchByCod" time="6.484"/>
  <system-out/>
  <testcase classname="inventario.Inventario" name="login" time="0.563"/>
  <system-out/>
</testsuite> <!-- inventario.Inventario -->
